Exporter version: 5.6.2, Blender version: 2.79 (sub 0)
========= Conversion from Blender to Babylon.js =========
	Scene settings used:
		selected layers only:  false
		inline textures:  false
		Positions Precision :  4
		Normals Precision   :  3
		UVs Precision       :  3
		Vert Color Precision:  3
		Mat Weight Precision:  2
		texture directory:  C:\Users\User\Documents\GitHub\GJM_Client - Copy\GJM_Client\wwwroot\scenes\robotArm\
	Python World class constructor completed
	WARNING: No active camera has been assigned, or is not in a currently selected Blender layer
	processing begun of skeleton:  Arm_Base, id:  0
		processing begun of bone:  00_Base, index:  0
		processing begun of bone:  01_Bottom, index:  1
		processing action 00_Base_Rot:  in[0 - 60], out[0 - 60]
	processing begun of mesh:  bot_base
		processing begun of Standard material:  Material
		num positions      :  590
		num normals        :  590
		num uvs            :  1180
		num uvs2           :  0
		num colors         :  0
		num indices        :  1848
		Skeleton stats:  
			Total Influencers:  1180
			Avg # of influencers per vertex:  2
			Highest # of influencers observed:  2, num vertices with this:  590
			exported as 2 influencers
			num skeletonWeights and skeletonIndices:  2360
========= Writing of scene file started =========
========= Writing of scene file completed =========
========= end of processing =========
elapsed time:  0 min, 0.1584 secs
