Exporter version: 5.6.2, Blender version: 2.79 (sub 0)
========= Conversion from Blender to Babylon.js =========
	Scene settings used:
		selected layers only:  true
		inline textures:  false
		Positions Precision :  4
		Normals Precision   :  3
		UVs Precision       :  3
		Vert Color Precision:  3
		Mat Weight Precision:  2
		texture directory:  C:\Users\User\Documents\GitHub\GJM_Client - Copy\GJM_Client\wwwroot\scenes\robotArm\
	Python World class constructor completed
	WARNING: No active camera has been assigned, or is not in a currently selected Blender layer
	processing begun of mesh:  UI_TopUp
		processing begun of Standard material:  SVG_Black
		processing begun of Standard material:  SVG_Green
		processing begun of Standard material:  button
		processing begun of multimaterial:  WebGUI_RobArm.Multimaterial#0
		num positions      :  62
		num normals        :  62
		num uvs            :  124
		num uvs2           :  0
		num colors         :  0
		num indices        :  198
	processing begun of mesh:  UI_TopDown
		registered as also a user of material:  SVG_Black
		registered as also a user of material:  SVG_Green
		registered as also a user of material:  button
		processing begun of multimaterial:  WebGUI_RobArm.Multimaterial#1
		num positions      :  62
		num normals        :  62
		num uvs            :  124
		num uvs2           :  0
		num colors         :  0
		num indices        :  198
	processing begun of mesh:  UI_MidUp
		registered as also a user of material:  SVG_Green
		registered as also a user of material:  SVG_Black
		registered as also a user of material:  button
		processing begun of multimaterial:  WebGUI_RobArm.Multimaterial#2
		num positions      :  62
		num normals        :  62
		num uvs            :  124
		num uvs2           :  0
		num colors         :  0
		num indices        :  192
	processing begun of mesh:  UI_MidDown
		registered as also a user of material:  SVG_Black
		registered as also a user of material:  SVG_Green
		registered as also a user of material:  button
		processing begun of multimaterial:  WebGUI_RobArm.Multimaterial#3
		num positions      :  62
		num normals        :  62
		num uvs            :  124
		num uvs2           :  0
		num colors         :  0
		num indices        :  192
	processing begun of mesh:  UI_ClawRotCW
		registered as also a user of material:  SVG_Black
		registered as also a user of material:  SVG_Green
		registered as also a user of material:  button
		processing begun of multimaterial:  WebGUI_RobArm.Multimaterial#4
		num positions      :  96
		num normals        :  96
		num uvs            :  192
		num uvs2           :  0
		num colors         :  0
		num indices        :  312
	processing begun of mesh:  UI_ClawRotCCW
		registered as also a user of material:  SVG_Green
		registered as also a user of material:  SVG_Black
		registered as also a user of material:  button
		processing begun of multimaterial:  WebGUI_RobArm.Multimaterial#5
		num positions      :  113
		num normals        :  113
		num uvs            :  226
		num uvs2           :  0
		num colors         :  0
		num indices        :  357
		WARNING: # of 0 area faces found:  9
	processing begun of mesh:  UI_ClawOpen
		registered as also a user of material:  SVG_Black
		registered as also a user of material:  SVG_Green
		registered as also a user of material:  button
		processing begun of multimaterial:  WebGUI_RobArm.Multimaterial#6
		num positions      :  48
		num normals        :  48
		num uvs            :  96
		num uvs2           :  0
		num colors         :  0
		num indices        :  174
	processing begun of mesh:  UI_ClawClose
		registered as also a user of material:  SVG_Green
		registered as also a user of material:  SVG_Black
		registered as also a user of material:  button
		processing begun of multimaterial:  WebGUI_RobArm.Multimaterial#7
		num positions      :  48
		num normals        :  48
		num uvs            :  96
		num uvs2           :  0
		num colors         :  0
		num indices        :  168
	processing begun of mesh:  UI_BotUp
		registered as also a user of material:  SVG_Black
		registered as also a user of material:  SVG_Green
		registered as also a user of material:  button
		processing begun of multimaterial:  WebGUI_RobArm.Multimaterial#8
		num positions      :  62
		num normals        :  62
		num uvs            :  124
		num uvs2           :  0
		num colors         :  0
		num indices        :  192
	processing begun of mesh:  UI_BotDown
		registered as also a user of material:  SVG_Black
		registered as also a user of material:  SVG_Green
		registered as also a user of material:  button
		processing begun of multimaterial:  WebGUI_RobArm.Multimaterial#9
		num positions      :  62
		num normals        :  62
		num uvs            :  124
		num uvs2           :  0
		num colors         :  0
		num indices        :  198
	processing begun of mesh:  UI_BaseRotCW
		registered as also a user of material:  SVG_Black
		registered as also a user of material:  SVG_Green
		registered as also a user of material:  button
		processing begun of multimaterial:  WebGUI_RobArm.Multimaterial#10
		num positions      :  138
		num normals        :  138
		num uvs            :  276
		num uvs2           :  0
		num colors         :  0
		num indices        :  414
		WARNING: # of 0 area faces found:  22
	processing begun of mesh:  UI_BaseRotCCW
		processing begun of Standard material:  SVGMat.003
		registered as also a user of material:  SVG_Black
		registered as also a user of material:  button
		processing begun of multimaterial:  WebGUI_RobArm.Multimaterial#11
		num positions      :  113
		num normals        :  113
		num uvs            :  226
		num uvs2           :  0
		num colors         :  0
		num indices        :  351
========= Writing of scene file started =========
========= Writing of scene file completed =========
========= end of processing =========
elapsed time:  0 min, 0.1596 secs
