Exporter version: 5.6.2, Blender version: 2.79 (sub 0)
========= Conversion from Blender to Babylon.js =========
	Scene settings used:
		selected layers only:  true
		inline textures:  false
		Positions Precision :  4
		Normals Precision   :  3
		UVs Precision       :  3
		Vert Color Precision:  3
		Mat Weight Precision:  2
		texture directory:  C:\Users\User\Documents\GitHub\GJM_Client - Copy\GJM_Client\wwwroot\scenes\robotArm\
	Python World class constructor completed
	processing begun of skeleton:  UI_Arm, id:  0
		processing begun of bone:  UI_ToParent, index:  0
		processing begun of bone:  UI_Scale, index:  1
	processing begun of camera (ArcRotateCamera):  UI_Camera
		WARNING: Camera type with mandatory target specified, but no target to track set.  Ignored
	processing begun of mesh:  UI_TopUp
		processing begun of Standard material:  SVG_Black
		processing begun of Standard material:  SVG_Green
		processing begun of Standard material:  button
		processing begun of multimaterial:  WebGUI_RobArm2.Multimaterial#0
		num positions      :  62
		num normals        :  62
		num uvs            :  124
		num uvs2           :  0
		num colors         :  0
		num indices        :  198
		Skeleton stats:  
			Total Influencers:  62
			Avg # of influencers per vertex:  1
			Highest # of influencers observed:  1, num vertices with this:  62
			exported as 1 influencers
			num skeletonWeights and skeletonIndices:  248
	processing begun of mesh:  UI_TopDown
		registered as also a user of material:  SVG_Black
		registered as also a user of material:  SVG_Green
		registered as also a user of material:  button
		processing begun of multimaterial:  WebGUI_RobArm2.Multimaterial#1
		num positions      :  62
		num normals        :  62
		num uvs            :  124
		num uvs2           :  0
		num colors         :  0
		num indices        :  198
		Skeleton stats:  
			Total Influencers:  62
			Avg # of influencers per vertex:  1
			Highest # of influencers observed:  1, num vertices with this:  62
			exported as 1 influencers
			num skeletonWeights and skeletonIndices:  248
	processing begun of mesh:  UI_MidUp
		registered as also a user of material:  SVG_Green
		registered as also a user of material:  SVG_Black
		registered as also a user of material:  button
		processing begun of multimaterial:  WebGUI_RobArm2.Multimaterial#2
		num positions      :  62
		num normals        :  62
		num uvs            :  124
		num uvs2           :  0
		num colors         :  0
		num indices        :  192
		Skeleton stats:  
			Total Influencers:  62
			Avg # of influencers per vertex:  1
			Highest # of influencers observed:  1, num vertices with this:  62
			exported as 1 influencers
			num skeletonWeights and skeletonIndices:  248
	processing begun of mesh:  UI_MidDown
		registered as also a user of material:  SVG_Black
		registered as also a user of material:  SVG_Green
		registered as also a user of material:  button
		processing begun of multimaterial:  WebGUI_RobArm2.Multimaterial#3
		num positions      :  62
		num normals        :  62
		num uvs            :  124
		num uvs2           :  0
		num colors         :  0
		num indices        :  192
		Skeleton stats:  
			Total Influencers:  62
			Avg # of influencers per vertex:  1
			Highest # of influencers observed:  1, num vertices with this:  62
			exported as 1 influencers
			num skeletonWeights and skeletonIndices:  248
	processing begun of mesh:  UI_ClawRotCW
		registered as also a user of material:  SVG_Black
		registered as also a user of material:  SVG_Green
		registered as also a user of material:  button
		processing begun of multimaterial:  WebGUI_RobArm2.Multimaterial#4
		num positions      :  96
		num normals        :  96
		num uvs            :  192
		num uvs2           :  0
		num colors         :  0
		num indices        :  312
		Skeleton stats:  
			Total Influencers:  96
			Avg # of influencers per vertex:  1
			Highest # of influencers observed:  1, num vertices with this:  96
			exported as 1 influencers
			num skeletonWeights and skeletonIndices:  384
	processing begun of mesh:  UI_ClawRotCCW
		registered as also a user of material:  SVG_Green
		registered as also a user of material:  SVG_Black
		registered as also a user of material:  button
		processing begun of multimaterial:  WebGUI_RobArm2.Multimaterial#5
		num positions      :  113
		num normals        :  113
		num uvs            :  226
		num uvs2           :  0
		num colors         :  0
		num indices        :  357
		Skeleton stats:  
			Total Influencers:  113
			Avg # of influencers per vertex:  1
			Highest # of influencers observed:  1, num vertices with this:  113
			exported as 1 influencers
			num skeletonWeights and skeletonIndices:  452
		WARNING: # of 0 area faces found:  11
	processing begun of mesh:  UI_ClawOpen
		registered as also a user of material:  SVG_Black
		registered as also a user of material:  SVG_Green
		registered as also a user of material:  button
		processing begun of multimaterial:  WebGUI_RobArm2.Multimaterial#6
		num positions      :  48
		num normals        :  48
		num uvs            :  96
		num uvs2           :  0
		num colors         :  0
		num indices        :  174
		Skeleton stats:  
			Total Influencers:  48
			Avg # of influencers per vertex:  1
			Highest # of influencers observed:  1, num vertices with this:  48
			exported as 1 influencers
			num skeletonWeights and skeletonIndices:  192
	processing begun of mesh:  UI_ClawClose
		registered as also a user of material:  SVG_Green
		registered as also a user of material:  SVG_Black
		registered as also a user of material:  button
		processing begun of multimaterial:  WebGUI_RobArm2.Multimaterial#7
		num positions      :  48
		num normals        :  48
		num uvs            :  96
		num uvs2           :  0
		num colors         :  0
		num indices        :  168
		Skeleton stats:  
			Total Influencers:  48
			Avg # of influencers per vertex:  1
			Highest # of influencers observed:  1, num vertices with this:  48
			exported as 1 influencers
			num skeletonWeights and skeletonIndices:  192
	processing begun of mesh:  UI_BotUp
		registered as also a user of material:  SVG_Black
		registered as also a user of material:  SVG_Green
		registered as also a user of material:  button
		processing begun of multimaterial:  WebGUI_RobArm2.Multimaterial#8
		num positions      :  62
		num normals        :  62
		num uvs            :  124
		num uvs2           :  0
		num colors         :  0
		num indices        :  192
		Skeleton stats:  
			Total Influencers:  62
			Avg # of influencers per vertex:  1
			Highest # of influencers observed:  1, num vertices with this:  62
			exported as 1 influencers
			num skeletonWeights and skeletonIndices:  248
	processing begun of mesh:  UI_BotDown
		registered as also a user of material:  SVG_Black
		registered as also a user of material:  SVG_Green
		registered as also a user of material:  button
		processing begun of multimaterial:  WebGUI_RobArm2.Multimaterial#9
		num positions      :  62
		num normals        :  62
		num uvs            :  124
		num uvs2           :  0
		num colors         :  0
		num indices        :  198
		Skeleton stats:  
			Total Influencers:  62
			Avg # of influencers per vertex:  1
			Highest # of influencers observed:  1, num vertices with this:  62
			exported as 1 influencers
			num skeletonWeights and skeletonIndices:  248
	processing begun of mesh:  UI_BaseRotCW
		registered as also a user of material:  SVG_Black
		registered as also a user of material:  SVG_Green
		registered as also a user of material:  button
		processing begun of multimaterial:  WebGUI_RobArm2.Multimaterial#10
		num positions      :  138
		num normals        :  138
		num uvs            :  276
		num uvs2           :  0
		num colors         :  0
		num indices        :  414
		Skeleton stats:  
			Total Influencers:  138
			Avg # of influencers per vertex:  1
			Highest # of influencers observed:  1, num vertices with this:  138
			exported as 1 influencers
			num skeletonWeights and skeletonIndices:  552
		WARNING: # of 0 area faces found:  22
	processing begun of mesh:  UI_BaseRotCCW
		processing begun of Standard material:  SVGMat.003
		registered as also a user of material:  SVG_Black
		registered as also a user of material:  button
		processing begun of multimaterial:  WebGUI_RobArm2.Multimaterial#11
		num positions      :  113
		num normals        :  113
		num uvs            :  226
		num uvs2           :  0
		num colors         :  0
		num indices        :  351
		Skeleton stats:  
			Total Influencers:  113
			Avg # of influencers per vertex:  1
			Highest # of influencers observed:  1, num vertices with this:  113
			exported as 1 influencers
			num skeletonWeights and skeletonIndices:  452
========= Writing of scene file started =========
========= Writing of scene file completed =========
========= end of processing =========
elapsed time:  0 min, 0.2346 secs
