	Exporter version: 4.6.1, Blender version: 2.78 (sub 0)
========= Conversion from Blender to Babylon.js =========
	Scene settings used:
		selected layers only:  false
		flat shading entire scene:  false
		inline textures:  false
		texture directory:  C:\Users\User\Documents\GitHub\Portfolio\portfolio\Site\scenes\
	Python World class constructor completed
	processing begun of mesh:  rose
		processing begun of Standard material:  Material.015
		num positions      :  20406
		num normals        :  20406
		num uvs            :  40812
		num uvs2           :  0
		num colors         :  0
		num indices        :  122112
	processing begun of camera (ArcRotateCamera):  Camera
	processing begun of light (AREA):  Area.001
	processing begun of light (AREA):  Area
========= Writing of scene file started =========
========= Writing of scene file completed =========
========= end of processing =========
elapsed time:  0 min, 4.3753 secs
